Arguments: 
  C:\Program Files\nodejs\node.exe C:\Users\13053\AppData\Roaming\npm\node_modules\yarn\bin\yarn.js add nanoid

PATH: 
  C:\Program Files (x86)\NVIDIA Corporation\PhysX\Common;C:\WINDOWS\system32;C:\WINDOWS;C:\WINDOWS\System32\Wbem;C:\WINDOWS\System32\WindowsPowerShell\v1.0\;C:\WINDOWS\System32\OpenSSH\;C:\Program Files\Microsoft SQL Server\Client SDK\ODBC\110\Tools\Binn\;C:\Program Files\Git\cmd;C:\Users\13053\AppData\Roaming\Microsoft\Windows\Start Menu\Programs\Python 3.9;C:\Program Files\nodejs\;C:\Program Files\Docker\Docker\resources\bin;C:\ProgramData\DockerDesktop\version-bin;C:\Program Files\Microsoft SQL Server\Client SDK\ODBC\130\Tools\Binn\;C:\Program Files (x86)\Microsoft SQL Server\140\Tools\Binn\;C:\Program Files\Microsoft SQL Server\140\Tools\Binn\;C:\Program Files\Microsoft SQL Server\140\DTS\Binn\;C:\Program Files (x86)\Microsoft SQL Server\150\DTS\Binn\;C:\Program Files\Azure Data Studio\bin;C:\Users\13053\AppData\Local\Programs\Python\Python310\Scripts\;C:\Users\13053\AppData\Local\Programs\Python\Python310\;C:\Users\13053\AppData\Local\Microsoft\WindowsApps;;D:\PYcharm\PyCharm Community Edition 2021.2.3\bin;;D:\VScode\Microsoft VS Code\bin;C:\Users\13053\AppData\Roaming\npm;C:\Program Files\Azure Data Studio\bin

Yarn version: 
  1.22.17

Node version: 
  16.14.0

Platform: 
  win32 x64

Trace: 
  Error: EPERM: operation not permitted, copyfile 'C:\Users\13053\AppData\Local\Yarn\Cache\v6\npm-babel-loader-8.2.4-95f5023c791b2e9e2ca6f67b0984f39c82ff384b-integrity\node_modules\babel-loader\package.json' -> 'E:\大创\笔记\前端笔记\React学习\react_staging\node_modules\babel-loader\package.json'

npm manifest: 
  {
    "name": "react_staging",
    "version": "0.1.0",
    "private": true,
    "dependencies": {
      "@testing-library/jest-dom": "^5.16.3",
      "@testing-library/react": "^12.1.4",
      "@testing-library/user-event": "^13.5.0",
      "react": "^17.0.2",
      "react-dom": "^17.0.2",
      "react-scripts": "5.0.0",
      "web-vitals": "^2.1.4"
    },
    "scripts": {
      "start": "react-scripts start",
      "build": "react-scripts build",
      "test": "react-scripts test",
      "eject": "react-scripts eject"
    },
    "eslintConfig": {
      "extends": [
        "react-app",
        "react-app/jest"
      ]
    },
    "browserslist": {
      "production": [
        ">0.2%",
        "not dead",
        "not op_mini all"
      ],
      "development": [
        "last 1 chrome version",
        "last 1 firefox version",
        "last 1 safari version"
      ]
    }
  }

yarn manifest: 
  No manifest

Lockfile: 
  No lockfile
